#
# There is insufficient memory for the Java Runtime Environment to continue.
# Native memory allocation (malloc) failed to allocate 1383376 bytes for Chunk::new
# Possible reasons:
#   The system is out of physical RAM or swap space
#   The process is running with CompressedOops enabled, and the Java Heap may be blocking the growth of the native heap
# Possible solutions:
#   Reduce memory load on the system
#   Increase physical memory or swap space
#   Check if swap backing store is full
#   Decrease Java heap size (-Xmx/-Xms)
#   Decrease number of Java threads
#   Decrease Java thread stack sizes (-Xss)
#   Set larger code cache with -XX:ReservedCodeCacheSize=
#   JVM is running with Unscaled Compressed Oops mode in which the Java heap is
#     placed in the first 4GB address space. The Java Heap base address is the
#     maximum limit for the native heap growth. Please use -XX:HeapBaseMinAddress
#     to set the Java Heap base and to place the Java Heap above 4GB virtual address.
# This output file may be truncated or incomplete.
#
#  Out of Memory Error (arena.cpp:189), pid=8460, tid=25796
#
# JRE version: OpenJDK Runtime Environment Temurin-17.0.5+8 (17.0.5+8) (build 17.0.5+8)
# Java VM: OpenJDK 64-Bit Server VM Temurin-17.0.5+8 (17.0.5+8, mixed mode, tiered, compressed oops, compressed class ptrs, parallel gc, windows-amd64)
# No core dump will be written. Minidumps are not enabled by default on client versions of Windows
#

---------------  S U M M A R Y ------------

Command Line: --add-modules=ALL-SYSTEM --add-opens=java.base/java.util=ALL-UNNAMED --add-opens=java.base/java.lang=ALL-UNNAMED --add-opens=java.base/sun.nio.fs=ALL-UNNAMED -Declipse.application=org.eclipse.jdt.ls.core.id1 -Dosgi.bundles.defaultStartLevel=4 -Declipse.product=org.eclipse.jdt.ls.core.product -Djava.import.generatesMetadataFilesAtProjectRoot=false -Dfile.encoding=utf8 -XX:+UseParallelGC -XX:GCTimeRatio=4 -XX:AdaptiveSizePolicyWeight=90 -Dsun.zip.disableMemoryMapping=true -Xmx1G -Xms100m -Xlog:disable -javaagent:c:\Users\32668\.vscode\extensions\redhat.java-1.14.0-win32-x64\lombok\lombok-1.18.24.jar -XX:+HeapDumpOnOutOfMemoryError -XX:HeapDumpPath=c:\Users\32668\AppData\Roaming\Code\User\workspaceStorage\2e9b216afb94c0d00f16191ac0b668b5\redhat.java c:\Users\32668\.vscode\extensions\redhat.java-1.14.0-win32-x64\server\plugins\org.eclipse.equinox.launcher_1.6.400.v20210924-0641.jar -configuration c:\Users\32668\AppData\Roaming\Code\User\globalStorage\redhat.java\1.14.0\config_win -data c:\Users\32668\AppData\Roaming\Code\User\workspaceStorage\2e9b216afb94c0d00f16191ac0b668b5\redhat.java\jdt_ws

Host: Intel(R) Core(TM) i5-10210U CPU @ 1.60GHz, 8 cores, 7G,  Windows 10 , 64 bit Build 19041 (10.0.19041.2364)
Time: Sun Feb 19 18:59:19 2023  Windows 10 , 64 bit Build 19041 (10.0.19041.2364) elapsed time: 12.127234 seconds (0d 0h 0m 12s)

---------------  T H R E A D  ---------------

Current thread (0x000001becb03f9a0):  JavaThread "C2 CompilerThread0" daemon [_thread_in_native, id=25796, stack(0x0000005ae7b00000,0x0000005ae7c00000)]


Current CompileTask:
C2:  12127 5889       4       java.io.WinNTFileSystem::normalize (143 bytes)

Stack: [0x0000005ae7b00000,0x0000005ae7c00000]
Native frames: (J=compiled Java code, j=interpreted, Vv=VM code, C=native code)
V  [jvm.dll+0x676b3a]
V  [jvm.dll+0x831444]
V  [jvm.dll+0x832bee]
V  [jvm.dll+0x833253]
V  [jvm.dll+0x244ce5]
V  [jvm.dll+0xabbac]
V  [jvm.dll+0xac17c]
V  [jvm.dll+0x362d02]
V  [jvm.dll+0x32d591]
V  [jvm.dll+0x32ca3a]
V  [jvm.dll+0x217b51]
V  [jvm.dll+0x216f71]
V  [jvm.dll+0x1a343d]
V  [jvm.dll+0x22698a]
V  [jvm.dll+0x224ac5]
V  [jvm.dll+0x7e727b]
V  [jvm.dll+0x7e17ea]
V  [jvm.dll+0x6759e5]
C  [ucrtbase.dll+0x21bb2]
C  [KERNEL32.DLL+0x17614]
C  [ntdll.dll+0x526a1]


---------------  P R O C E S S  ---------------

Threads class SMR info:
_java_thread_list=0x000001bed1ff7170, length=37, elements={
0x000001beb37926e0, 0x000001bec9584750, 0x000001bec9587c40, 0x000001becb064530,
0x000001becb064ef0, 0x000001becb038340, 0x000001becb03a3b0, 0x000001becb03f9a0,
0x000001bec9589740, 0x000001bec958c050, 0x000001becb168cf0, 0x000001becb381f60,
0x000001becc218840, 0x000001becc5e08a0, 0x000001becc64d410, 0x000001becd27d050,
0x000001becd1a7020, 0x000001becd416c50, 0x000001becd3c9700, 0x000001becd3c7a20,
0x000001becd3c83c0, 0x000001becd3c9230, 0x000001becd3c9bd0, 0x000001becd3c8d60,
0x000001becd3ca0a0, 0x000001becd3ca570, 0x000001becd3c7080, 0x000001becffe2230,
0x000001becffe43e0, 0x000001becffe3570, 0x000001becffe0a20, 0x000001becffe2bd0,
0x000001becffe2700, 0x000001becffe3a40, 0x000001becffdd060, 0x000001becffdd530,
0x000001becffe0550
}

Java Threads: ( => current thread )
  0x000001beb37926e0 JavaThread "main" [_thread_blocked, id=36128, stack(0x0000005ae7200000,0x0000005ae7300000)]
  0x000001bec9584750 JavaThread "Reference Handler" daemon [_thread_blocked, id=19204, stack(0x0000005ae7500000,0x0000005ae7600000)]
  0x000001bec9587c40 JavaThread "Finalizer" daemon [_thread_blocked, id=21584, stack(0x0000005ae7600000,0x0000005ae7700000)]
  0x000001becb064530 JavaThread "Signal Dispatcher" daemon [_thread_blocked, id=3784, stack(0x0000005ae7700000,0x0000005ae7800000)]
  0x000001becb064ef0 JavaThread "Attach Listener" daemon [_thread_blocked, id=22976, stack(0x0000005ae7800000,0x0000005ae7900000)]
  0x000001becb038340 JavaThread "Service Thread" daemon [_thread_blocked, id=16336, stack(0x0000005ae7900000,0x0000005ae7a00000)]
  0x000001becb03a3b0 JavaThread "Monitor Deflation Thread" daemon [_thread_blocked, id=880, stack(0x0000005ae7a00000,0x0000005ae7b00000)]
=>0x000001becb03f9a0 JavaThread "C2 CompilerThread0" daemon [_thread_in_native, id=25796, stack(0x0000005ae7b00000,0x0000005ae7c00000)]
  0x000001bec9589740 JavaThread "C1 CompilerThread0" daemon [_thread_blocked, id=35552, stack(0x0000005ae7c00000,0x0000005ae7d00000)]
  0x000001bec958c050 JavaThread "Sweeper thread" daemon [_thread_blocked, id=7020, stack(0x0000005ae7d00000,0x0000005ae7e00000)]
  0x000001becb168cf0 JavaThread "Common-Cleaner" daemon [_thread_blocked, id=1476, stack(0x0000005ae7e00000,0x0000005ae7f00000)]
  0x000001becb381f60 JavaThread "Notification Thread" daemon [_thread_blocked, id=29980, stack(0x0000005ae7f00000,0x0000005ae8000000)]
  0x000001becc218840 JavaThread "Active Thread: Equinox Container: a37542f6-bb72-43db-af09-2f90da627d42" [_thread_blocked, id=19672, stack(0x0000005ae8700000,0x0000005ae8800000)]
  0x000001becc5e08a0 JavaThread "Framework Event Dispatcher: Equinox Container: a37542f6-bb72-43db-af09-2f90da627d42" daemon [_thread_blocked, id=29984, stack(0x0000005ae8800000,0x0000005ae8900000)]
  0x000001becc64d410 JavaThread "Start Level: Equinox Container: a37542f6-bb72-43db-af09-2f90da627d42" daemon [_thread_blocked, id=30360, stack(0x0000005ae8900000,0x0000005ae8a00000)]
  0x000001becd27d050 JavaThread "SCR Component Actor" daemon [_thread_blocked, id=15728, stack(0x0000005ae8a00000,0x0000005ae8b00000)]
  0x000001becd1a7020 JavaThread "Worker-JM" [_thread_blocked, id=22524, stack(0x0000005ae8d00000,0x0000005ae8e00000)]
  0x000001becd416c50 JavaThread "Worker-0" [_thread_blocked, id=16380, stack(0x0000005ae8e00000,0x0000005ae8f00000)]
  0x000001becd3c9700 JavaThread "Worker-1" [_thread_blocked, id=27892, stack(0x0000005ae8f00000,0x0000005ae9000000)]
  0x000001becd3c7a20 JavaThread "Java indexing" daemon [_thread_in_native, id=10472, stack(0x0000005ae9000000,0x0000005ae9100000)]
  0x000001becd3c83c0 JavaThread "JNA Cleaner" daemon [_thread_blocked, id=16956, stack(0x0000005ae9100000,0x0000005ae9200000)]
  0x000001becd3c9230 JavaThread "pool-2-thread-1" [_thread_blocked, id=1860, stack(0x0000005ae9200000,0x0000005ae9300000)]
  0x000001becd3c9bd0 JavaThread "Worker-2" [_thread_blocked, id=12148, stack(0x0000005ae9300000,0x0000005ae9400000)]
  0x000001becd3c8d60 JavaThread "Worker-3" [_thread_blocked, id=16272, stack(0x0000005ae9400000,0x0000005ae9500000)]
  0x000001becd3ca0a0 JavaThread "pool-1-thread-1" [_thread_in_native, id=25748, stack(0x0000005ae9500000,0x0000005ae9600000)]
  0x000001becd3ca570 JavaThread "Worker-4: Loading available Gradle versions" [_thread_in_native, id=36932, stack(0x0000005ae9600000,0x0000005ae9700000)]
  0x000001becd3c7080 JavaThread "Worker-5" [_thread_blocked, id=9716, stack(0x0000005ae9800000,0x0000005ae9900000)]
  0x000001becffe2230 JavaThread "Worker-6: Java indexing... " [_thread_blocked, id=10856, stack(0x0000005ae9900000,0x0000005ae9a00000)]
  0x000001becffe43e0 JavaThread "ForkJoinPool.commonPool-worker-1" daemon [_thread_blocked, id=25524, stack(0x0000005ae9a00000,0x0000005ae9b00000)]
  0x000001becffe3570 JavaThread "ForkJoinPool.commonPool-worker-2" daemon [_thread_blocked, id=16012, stack(0x0000005ae8c00000,0x0000005ae8d00000)]
  0x000001becffe0a20 JavaThread "ForkJoinPool.commonPool-worker-3" daemon [_thread_blocked, id=8824, stack(0x0000005ae9b00000,0x0000005ae9c00000)]
  0x000001becffe2bd0 JavaThread "ForkJoinPool.commonPool-worker-4" daemon [_thread_blocked, id=29160, stack(0x0000005ae9c00000,0x0000005ae9d00000)]
  0x000001becffe2700 JavaThread "ForkJoinPool.commonPool-worker-5" daemon [_thread_blocked, id=2260, stack(0x0000005ae9d00000,0x0000005ae9e00000)]
  0x000001becffe3a40 JavaThread "ForkJoinPool.commonPool-worker-6" daemon [_thread_blocked, id=36888, stack(0x0000005ae9e00000,0x0000005ae9f00000)]
  0x000001becffdd060 JavaThread "ForkJoinPool.commonPool-worker-7" daemon [_thread_blocked, id=28468, stack(0x0000005ae9f00000,0x0000005aea000000)]
  0x000001becffdd530 JavaThread "Bundle File Closer" daemon [_thread_blocked, id=35636, stack(0x0000005aea000000,0x0000005aea100000)]
  0x000001becffe0550 JavaThread "Thread-3" daemon [_thread_in_Java, id=7256, stack(0x0000005aea100000,0x0000005aea200000)]

Other Threads:
  0x000001becb010dc0 VMThread "VM Thread" [stack: 0x0000005ae7400000,0x0000005ae7500000] [id=11352]
  0x000001becb346020 WatcherThread [stack: 0x0000005ae8000000,0x0000005ae8100000] [id=18412]
  0x000001beb37a7790 GCTaskThread "GC Thread#0" [stack: 0x0000005ae7300000,0x0000005ae7400000] [id=7244]
  0x000001becc385150 GCTaskThread "GC Thread#1" [stack: 0x0000005ae8100000,0x0000005ae8200000] [id=18740]
  0x000001becc385400 GCTaskThread "GC Thread#2" [stack: 0x0000005ae8200000,0x0000005ae8300000] [id=19016]
  0x000001becc465f00 GCTaskThread "GC Thread#3" [stack: 0x0000005ae8300000,0x0000005ae8400000] [id=18544]
  0x000001becc5c81c0 GCTaskThread "GC Thread#4" [stack: 0x0000005ae8400000,0x0000005ae8500000] [id=31508]
  0x000001becc5c79b0 GCTaskThread "GC Thread#5" [stack: 0x0000005ae8500000,0x0000005ae8600000] [id=25680]
  0x000001becc5c7c60 GCTaskThread "GC Thread#6" [stack: 0x0000005ae8600000,0x0000005ae8700000] [id=29532]
  0x000001becc5c8720 GCTaskThread "GC Thread#7" [stack: 0x0000005ae8b00000,0x0000005ae8c00000] [id=19152]

Threads with active compile tasks:
C2 CompilerThread0    12147 5889       4       java.io.WinNTFileSystem::normalize (143 bytes)

VM state: not at safepoint (normal execution)

VM Mutex/Monitor currently owned by a thread: None

Heap address: 0x00000000c0000000, size: 1024 MB, Compressed Oops mode: 32-bit

CDS archive(s) not mapped
Compressed class space mapped at: 0x0000000100000000-0x0000000140000000, reserved size: 1073741824
Narrow klass base: 0x0000000000000000, Narrow klass shift: 3, Narrow klass range: 0x140000000

GC Precious Log:
 CPUs: 8 total, 8 available
 Memory: 8022M
 Large Page Support: Disabled
 NUMA Support: Disabled
 Compressed Oops: Enabled (32-bit)
 Alignments: Space 512K, Generation 512K, Heap 2M
 Heap Min Capacity: 100M
 Heap Initial Capacity: 100M
 Heap Max Capacity: 1G
 Pre-touch: Disabled
 Parallel Workers: 8

Heap:
 PSYoungGen      total 6144K, used 5571K [0x00000000eab00000, 0x00000000eb580000, 0x0000000100000000)
  eden space 5632K, 89% used [0x00000000eab00000,0x00000000eaff0c58,0x00000000eb080000)
  from space 512K, 100% used [0x00000000eb500000,0x00000000eb580000,0x00000000eb580000)
  to   space 512K, 0% used [0x00000000eb480000,0x00000000eb480000,0x00000000eb500000)
 ParOldGen       total 125952K, used 110295K [0x00000000c0000000, 0x00000000c7b00000, 0x00000000eab00000)
  object space 125952K, 87% used [0x00000000c0000000,0x00000000c6bb5fc8,0x00000000c7b00000)
 Metaspace       used 61933K, committed 62912K, reserved 1105920K
  class space    used 6548K, committed 6976K, reserved 1048576K

Card table byte_map: [0x000001bec6e20000,0x000001bec7030000] _byte_map_base: 0x000001bec6820000

Marking Bits: (ParMarkBitMap*) 0x00007ffe46170dd0
 Begin Bits: [0x000001bec7190000, 0x000001bec8190000)
 End Bits:   [0x000001bec8190000, 0x000001bec9190000)

Polling page: 0x000001beb3860000

Metaspace:

Usage:
  Non-class:     54.09 MB used.
      Class:      6.40 MB used.
       Both:     60.48 MB used.

Virtual space:
  Non-class space:       56.00 MB reserved,      54.62 MB ( 98%) committed,  7 nodes.
      Class space:        1.00 GB reserved,       6.81 MB ( <1%) committed,  1 nodes.
             Both:        1.05 GB reserved,      61.44 MB (  6%) committed. 

Chunk freelists:
   Non-Class:  1.38 MB
       Class:  1.05 MB
        Both:  2.42 MB

MaxMetaspaceSize: unlimited
CompressedClassSpaceSize: 1.00 GB
Initial GC threshold: 21.00 MB
Current GC threshold: 102.44 MB
CDS: off
MetaspaceReclaimPolicy: balanced
 - commit_granule_bytes: 65536.
 - commit_granule_words: 8192.
 - virtual_space_node_default_size: 1048576.
 - enlarge_chunks_in_place: 1.
 - new_chunks_are_fully_committed: 0.
 - uncommit_free_chunks: 1.
 - use_allocation_guard: 0.
 - handle_deallocations: 1.


Internal statistics:

num_allocs_failed_limit: 9.
num_arena_births: 456.
num_arena_deaths: 14.
num_vsnodes_births: 8.
num_vsnodes_deaths: 0.
num_space_committed: 983.
num_space_uncommitted: 0.
num_chunks_returned_to_freelist: 23.
num_chunks_taken_from_freelist: 2779.
num_chunk_merges: 13.
num_chunk_splits: 1749.
num_chunks_enlarged: 1033.
num_purges: 2.
num_inconsistent_stats: 0.

CodeHeap 'non-profiled nmethods': size=120000Kb used=2024Kb max_used=2137Kb free=117975Kb
 bounds [0x000001bebf710000, 0x000001bebf980000, 0x000001bec6c40000]
CodeHeap 'profiled nmethods': size=120000Kb used=12174Kb max_used=12174Kb free=107825Kb
 bounds [0x000001beb81e0000, 0x000001beb8dd0000, 0x000001bebf710000]
CodeHeap 'non-nmethods': size=5760Kb used=1356Kb max_used=1419Kb free=4403Kb
 bounds [0x000001beb7c40000, 0x000001beb7eb0000, 0x000001beb81e0000]
 total_blobs=6373 nmethods=5674 adapters=612
 compilation: enabled
              stopped_count=0, restarted_count=0
 full_count=0

Compilation events (20 events):
Event: 12.050 Thread 0x000001bec9589740 6627       2       com.google.gson.internal.LinkedTreeMap::<init> (41 bytes)
Event: 12.050 Thread 0x000001bec9589740 nmethod 6627 0x000001beb8db3890 code [0x000001beb8db3a20, 0x000001beb8db3bf8]
Event: 12.053 Thread 0x000001bec9589740 6632       2       com.google.gson.internal.bind.MapTypeAdapterFactory$Adapter::read (224 bytes)
Event: 12.053 Thread 0x000001bec9589740 nmethod 6632 0x000001beb8db3d10 code [0x000001beb8db40a0, 0x000001beb8db4b78]
Event: 12.053 Thread 0x000001bec9589740 6637       3       com.google.gson.stream.JsonReader$1::promoteNameToValue (112 bytes)
Event: 12.054 Thread 0x000001bec9589740 nmethod 6637 0x000001beb8db5210 code [0x000001beb8db54e0, 0x000001beb8db6388]
Event: 12.054 Thread 0x000001bec9589740 6635   !   2       java.io.StringReader::read (105 bytes)
Event: 12.055 Thread 0x000001bec9589740 nmethod 6635 0x000001beb8db6790 code [0x000001beb8db6980, 0x000001beb8db6e28]
Event: 12.055 Thread 0x000001bec9589740 6639       3       com.google.gson.internal.LinkedTreeMap::replaceInParent (75 bytes)
Event: 12.055 Thread 0x000001bec9589740 nmethod 6639 0x000001beb8db7190 code [0x000001beb8db7340, 0x000001beb8db7618]
Event: 12.055 Thread 0x000001bec9589740 6633       2       com.google.gson.internal.bind.MapTypeAdapterFactory$Adapter::read (6 bytes)
Event: 12.055 Thread 0x000001bec9589740 nmethod 6633 0x000001beb8db7710 code [0x000001beb8db78a0, 0x000001beb8db79c8]
Event: 12.055 Thread 0x000001bec9589740 6634       2       com.google.gson.internal.ConstructorConstructor$13::construct (8 bytes)
Event: 12.055 Thread 0x000001bec9589740 nmethod 6634 0x000001beb8db7a90 code [0x000001beb8db7c40, 0x000001beb8db7dc8]
Event: 12.055 Thread 0x000001bec9589740 6638       2       com.google.gson.stream.JsonReader::fillBuffer (168 bytes)
Event: 12.055 Thread 0x000001bec9589740 nmethod 6638 0x000001beb8db7e90 code [0x000001beb8db8040, 0x000001beb8db83f8]
Event: 12.055 Thread 0x000001bec9589740 6636       2       java.io.StringReader::ensureOpen (18 bytes)
Event: 12.055 Thread 0x000001bec9589740 nmethod 6636 0x000001beb8db8590 code [0x000001beb8db8740, 0x000001beb8db8908]
Event: 12.057 Thread 0x000001bec9589740 6640       3       com.google.gson.internal.LinkedTreeMap::rotateLeft (118 bytes)
Event: 12.058 Thread 0x000001bec9589740 nmethod 6640 0x000001beb8db8a10 code [0x000001beb8db8be0, 0x000001beb8db9088]

GC Heap History (20 events):
Event: 11.725 GC heap before
{Heap before GC invocations=68 (full 3):
 PSYoungGen      total 6144K, used 5759K [0x00000000eab00000, 0x00000000eb380000, 0x0000000100000000)
  eden space 5120K, 99% used [0x00000000eab00000,0x00000000eafffc18,0x00000000eb000000)
  from space 1024K, 62% used [0x00000000eb280000,0x00000000eb320000,0x00000000eb380000)
  to   space 1536K, 0% used [0x00000000eb080000,0x00000000eb080000,0x00000000eb200000)
 ParOldGen       total 68608K, used 66957K [0x00000000c0000000, 0x00000000c4300000, 0x00000000eab00000)
  object space 68608K, 97% used [0x00000000c0000000,0x00000000c4163600,0x00000000c4300000)
 Metaspace       used 61611K, committed 62592K, reserved 1105920K
  class space    used 6510K, committed 6912K, reserved 1048576K
}
Event: 11.726 GC heap after
{Heap after GC invocations=68 (full 3):
 PSYoungGen      total 6656K, used 592K [0x00000000eab00000, 0x00000000eb300000, 0x0000000100000000)
  eden space 5120K, 0% used [0x00000000eab00000,0x00000000eab00000,0x00000000eb000000)
  from space 1536K, 38% used [0x00000000eb080000,0x00000000eb114010,0x00000000eb200000)
  to   space 1024K, 0% used [0x00000000eb200000,0x00000000eb200000,0x00000000eb300000)
 ParOldGen       total 68608K, used 67477K [0x00000000c0000000, 0x00000000c4300000, 0x00000000eab00000)
  object space 68608K, 98% used [0x00000000c0000000,0x00000000c41e5600,0x00000000c4300000)
 Metaspace       used 61611K, committed 62592K, reserved 1105920K
  class space    used 6510K, committed 6912K, reserved 1048576K
}
Event: 11.746 GC heap before
{Heap before GC invocations=69 (full 3):
 PSYoungGen      total 6656K, used 5712K [0x00000000eab00000, 0x00000000eb300000, 0x0000000100000000)
  eden space 5120K, 100% used [0x00000000eab00000,0x00000000eb000000,0x00000000eb000000)
  from space 1536K, 38% used [0x00000000eb080000,0x00000000eb114010,0x00000000eb200000)
  to   space 1024K, 0% used [0x00000000eb200000,0x00000000eb200000,0x00000000eb300000)
 ParOldGen       total 68608K, used 67477K [0x00000000c0000000, 0x00000000c4300000, 0x00000000eab00000)
  object space 68608K, 98% used [0x00000000c0000000,0x00000000c41e5600,0x00000000c4300000)
 Metaspace       used 61612K, committed 62592K, reserved 1105920K
  class space    used 6510K, committed 6912K, reserved 1048576K
}
Event: 11.748 GC heap after
{Heap after GC invocations=69 (full 3):
 PSYoungGen      total 6144K, used 576K [0x00000000eab00000, 0x00000000eb300000, 0x0000000100000000)
  eden space 5120K, 0% used [0x00000000eab00000,0x00000000eab00000,0x00000000eb000000)
  from space 1024K, 56% used [0x00000000eb200000,0x00000000eb290000,0x00000000eb300000)
  to   space 1024K, 0% used [0x00000000eb100000,0x00000000eb100000,0x00000000eb200000)
 ParOldGen       total 68608K, used 68026K [0x00000000c0000000, 0x00000000c4300000, 0x00000000eab00000)
  object space 68608K, 99% used [0x00000000c0000000,0x00000000c426e820,0x00000000c4300000)
 Metaspace       used 61612K, committed 62592K, reserved 1105920K
  class space    used 6510K, committed 6912K, reserved 1048576K
}
Event: 11.766 GC heap before
{Heap before GC invocations=70 (full 3):
 PSYoungGen      total 6144K, used 5696K [0x00000000eab00000, 0x00000000eb300000, 0x0000000100000000)
  eden space 5120K, 100% used [0x00000000eab00000,0x00000000eb000000,0x00000000eb000000)
  from space 1024K, 56% used [0x00000000eb200000,0x00000000eb290000,0x00000000eb300000)
  to   space 1024K, 0% used [0x00000000eb100000,0x00000000eb100000,0x00000000eb200000)
 ParOldGen       total 68608K, used 68026K [0x00000000c0000000, 0x00000000c4300000, 0x00000000eab00000)
  object space 68608K, 99% used [0x00000000c0000000,0x00000000c426e820,0x00000000c4300000)
 Metaspace       used 61653K, committed 62656K, reserved 1105920K
  class space    used 6512K, committed 6976K, reserved 1048576K
}
Event: 11.768 GC heap after
{Heap after GC invocations=70 (full 3):
 PSYoungGen      total 6144K, used 855K [0x00000000eab00000, 0x00000000eb280000, 0x0000000100000000)
  eden space 5120K, 0% used [0x00000000eab00000,0x00000000eab00000,0x00000000eb000000)
  from space 1024K, 83% used [0x00000000eb100000,0x00000000eb1d5e28,0x00000000eb200000)
  to   space 512K, 0% used [0x00000000eb200000,0x00000000eb200000,0x00000000eb280000)
 ParOldGen       total 68608K, used 68522K [0x00000000c0000000, 0x00000000c4300000, 0x00000000eab00000)
  object space 68608K, 99% used [0x00000000c0000000,0x00000000c42ea820,0x00000000c4300000)
 Metaspace       used 61653K, committed 62656K, reserved 1105920K
  class space    used 6512K, committed 6976K, reserved 1048576K
}
Event: 11.768 GC heap before
{Heap before GC invocations=71 (full 4):
 PSYoungGen      total 6144K, used 855K [0x00000000eab00000, 0x00000000eb280000, 0x0000000100000000)
  eden space 5120K, 0% used [0x00000000eab00000,0x00000000eab00000,0x00000000eb000000)
  from space 1024K, 83% used [0x00000000eb100000,0x00000000eb1d5e28,0x00000000eb200000)
  to   space 512K, 0% used [0x00000000eb200000,0x00000000eb200000,0x00000000eb280000)
 ParOldGen       total 68608K, used 68522K [0x00000000c0000000, 0x00000000c4300000, 0x00000000eab00000)
  object space 68608K, 99% used [0x00000000c0000000,0x00000000c42ea820,0x00000000c4300000)
 Metaspace       used 61653K, committed 62656K, reserved 1105920K
  class space    used 6512K, committed 6976K, reserved 1048576K
}
Event: 11.810 GC heap after
{Heap after GC invocations=71 (full 4):
 PSYoungGen      total 5632K, used 0K [0x00000000eab00000, 0x00000000eb280000, 0x0000000100000000)
  eden space 5120K, 0% used [0x00000000eab00000,0x00000000eab00000,0x00000000eb000000)
  from space 512K, 0% used [0x00000000eb200000,0x00000000eb200000,0x00000000eb280000)
  to   space 1024K, 0% used [0x00000000eb080000,0x00000000eb080000,0x00000000eb180000)
 ParOldGen       total 85504K, used 60116K [0x00000000c0000000, 0x00000000c5380000, 0x00000000eab00000)
  object space 85504K, 70% used [0x00000000c0000000,0x00000000c3ab51f8,0x00000000c5380000)
 Metaspace       used 61653K, committed 62656K, reserved 1105920K
  class space    used 6512K, committed 6976K, reserved 1048576K
}
Event: 11.824 GC heap before
{Heap before GC invocations=72 (full 4):
 PSYoungGen      total 5632K, used 5117K [0x00000000eab00000, 0x00000000eb280000, 0x0000000100000000)
  eden space 5120K, 99% used [0x00000000eab00000,0x00000000eafff7f8,0x00000000eb000000)
  from space 512K, 0% used [0x00000000eb200000,0x00000000eb200000,0x00000000eb280000)
  to   space 1024K, 0% used [0x00000000eb080000,0x00000000eb080000,0x00000000eb180000)
 ParOldGen       total 85504K, used 60116K [0x00000000c0000000, 0x00000000c5380000, 0x00000000eab00000)
  object space 85504K, 70% used [0x00000000c0000000,0x00000000c3ab51f8,0x00000000c5380000)
 Metaspace       used 61765K, committed 62720K, reserved 1105920K
  class space    used 6526K, committed 6976K, reserved 1048576K
}
Event: 11.826 GC heap after
{Heap after GC invocations=72 (full 4):
 PSYoungGen      total 6144K, used 1005K [0x00000000eab00000, 0x00000000ebc00000, 0x0000000100000000)
  eden space 5120K, 0% used [0x00000000eab00000,0x00000000eab00000,0x00000000eb000000)
  from space 1024K, 98% used [0x00000000eb080000,0x00000000eb17b650,0x00000000eb180000)
  to   space 6144K, 0% used [0x00000000eb600000,0x00000000eb600000,0x00000000ebc00000)
 ParOldGen       total 85504K, used 64242K [0x00000000c0000000, 0x00000000c5380000, 0x00000000eab00000)
  object space 85504K, 75% used [0x00000000c0000000,0x00000000c3ebc828,0x00000000c5380000)
 Metaspace       used 61765K, committed 62720K, reserved 1105920K
  class space    used 6526K, committed 6976K, reserved 1048576K
}
Event: 11.834 GC heap before
{Heap before GC invocations=73 (full 4):
 PSYoungGen      total 6144K, used 6125K [0x00000000eab00000, 0x00000000ebc00000, 0x0000000100000000)
  eden space 5120K, 100% used [0x00000000eab00000,0x00000000eb000000,0x00000000eb000000)
  from space 1024K, 98% used [0x00000000eb080000,0x00000000eb17b650,0x00000000eb180000)
  to   space 6144K, 0% used [0x00000000eb600000,0x00000000eb600000,0x00000000ebc00000)
 ParOldGen       total 85504K, used 64242K [0x00000000c0000000, 0x00000000c5380000, 0x00000000eab00000)
  object space 85504K, 75% used [0x00000000c0000000,0x00000000c3ebc828,0x00000000c5380000)
 Metaspace       used 61798K, committed 62848K, reserved 1105920K
  class space    used 6534K, committed 6976K, reserved 1048576K
}
Event: 11.835 GC heap after
{Heap after GC invocations=73 (full 4):
 PSYoungGen      total 7168K, used 1609K [0x00000000eab00000, 0x00000000eb800000, 0x0000000100000000)
  eden space 5120K, 0% used [0x00000000eab00000,0x00000000eab00000,0x00000000eb000000)
  from space 2048K, 78% used [0x00000000eb600000,0x00000000eb792780,0x00000000eb800000)
  to   space 3072K, 0% used [0x00000000eb200000,0x00000000eb200000,0x00000000eb500000)
 ParOldGen       total 85504K, used 65197K [0x00000000c0000000, 0x00000000c5380000, 0x00000000eab00000)
  object space 85504K, 76% used [0x00000000c0000000,0x00000000c3fab6f0,0x00000000c5380000)
 Metaspace       used 61798K, committed 62848K, reserved 1105920K
  class space    used 6534K, committed 6976K, reserved 1048576K
}
Event: 11.859 GC heap before
{Heap before GC invocations=74 (full 4):
 PSYoungGen      total 7168K, used 6729K [0x00000000eab00000, 0x00000000eb800000, 0x0000000100000000)
  eden space 5120K, 100% used [0x00000000eab00000,0x00000000eb000000,0x00000000eb000000)
  from space 2048K, 78% used [0x00000000eb600000,0x00000000eb792780,0x00000000eb800000)
  to   space 3072K, 0% used [0x00000000eb200000,0x00000000eb200000,0x00000000eb500000)
 ParOldGen       total 85504K, used 65197K [0x00000000c0000000, 0x00000000c5380000, 0x00000000eab00000)
  object space 85504K, 76% used [0x00000000c0000000,0x00000000c3fab6f0,0x00000000c5380000)
 Metaspace       used 61860K, committed 62912K, reserved 1105920K
  class space    used 6544K, committed 6976K, reserved 1048576K
}
Event: 11.861 GC heap after
{Heap after GC invocations=74 (full 4):
 PSYoungGen      total 8192K, used 897K [0x00000000eab00000, 0x00000000eb680000, 0x0000000100000000)
  eden space 5120K, 0% used [0x00000000eab00000,0x00000000eab00000,0x00000000eb000000)
  from space 3072K, 29% used [0x00000000eb200000,0x00000000eb2e06b8,0x00000000eb500000)
  to   space 1536K, 0% used [0x00000000eb500000,0x00000000eb500000,0x00000000eb680000)
 ParOldGen       total 85504K, used 66615K [0x00000000c0000000, 0x00000000c5380000, 0x00000000eab00000)
  object space 85504K, 77% used [0x00000000c0000000,0x00000000c410de70,0x00000000c5380000)
 Metaspace       used 61860K, committed 62912K, reserved 1105920K
  class space    used 6544K, committed 6976K, reserved 1048576K
}
Event: 11.892 GC heap before
{Heap before GC invocations=75 (full 4):
 PSYoungGen      total 8192K, used 5758K [0x00000000eab00000, 0x00000000eb680000, 0x0000000100000000)
  eden space 5120K, 94% used [0x00000000eab00000,0x00000000eafbf1c8,0x00000000eb000000)
  from space 3072K, 29% used [0x00000000eb200000,0x00000000eb2e06b8,0x00000000eb500000)
  to   space 1536K, 0% used [0x00000000eb500000,0x00000000eb500000,0x00000000eb680000)
 ParOldGen       total 85504K, used 66615K [0x00000000c0000000, 0x00000000c5380000, 0x00000000eab00000)
  object space 85504K, 77% used [0x00000000c0000000,0x00000000c410de70,0x00000000c5380000)
 Metaspace       used 61912K, committed 62912K, reserved 1105920K
  class space    used 6546K, committed 6976K, reserved 1048576K
}
Event: 11.893 GC heap after
{Heap after GC invocations=75 (full 4):
 PSYoungGen      total 6144K, used 704K [0x00000000eab00000, 0x00000000eb600000, 0x0000000100000000)
  eden space 5120K, 0% used [0x00000000eab00000,0x00000000eab00000,0x00000000eb000000)
  from space 1024K, 68% used [0x00000000eb500000,0x00000000eb5b0000,0x00000000eb600000)
  to   space 1024K, 0% used [0x00000000eb400000,0x00000000eb400000,0x00000000eb500000)
 ParOldGen       total 85504K, used 67164K [0x00000000c0000000, 0x00000000c5380000, 0x00000000eab00000)
  object space 85504K, 78% used [0x00000000c0000000,0x00000000c4197090,0x00000000c5380000)
 Metaspace       used 61912K, committed 62912K, reserved 1105920K
  class space    used 6546K, committed 6976K, reserved 1048576K
}
Event: 11.902 GC heap before
{Heap before GC invocations=76 (full 4):
 PSYoungGen      total 6144K, used 5320K [0x00000000eab00000, 0x00000000eb600000, 0x0000000100000000)
  eden space 5120K, 90% used [0x00000000eab00000,0x00000000eaf82280,0x00000000eb000000)
  from space 1024K, 68% used [0x00000000eb500000,0x00000000eb5b0000,0x00000000eb600000)
  to   space 1024K, 0% used [0x00000000eb400000,0x00000000eb400000,0x00000000eb500000)
 ParOldGen       total 85504K, used 67164K [0x00000000c0000000, 0x00000000c5380000, 0x00000000eab00000)
  object space 85504K, 78% used [0x00000000c0000000,0x00000000c4197090,0x00000000c5380000)
 Metaspace       used 61917K, committed 62912K, reserved 1105920K
  class space    used 6547K, committed 6976K, reserved 1048576K
}
Event: 11.904 GC heap after
{Heap after GC invocations=76 (full 4):
 PSYoungGen      total 6144K, used 352K [0x00000000eab00000, 0x00000000eb580000, 0x0000000100000000)
  eden space 5120K, 0% used [0x00000000eab00000,0x00000000eab00000,0x00000000eb000000)
  from space 1024K, 34% used [0x00000000eb400000,0x00000000eb458000,0x00000000eb500000)
  to   space 512K, 0% used [0x00000000eb500000,0x00000000eb500000,0x00000000eb580000)
 ParOldGen       total 85504K, used 71001K [0x00000000c0000000, 0x00000000c5380000, 0x00000000eab00000)
  object space 85504K, 83% used [0x00000000c0000000,0x00000000c4556430,0x00000000c5380000)
 Metaspace       used 61917K, committed 62912K, reserved 1105920K
  class space    used 6547K, committed 6976K, reserved 1048576K
}
Event: 11.968 GC heap before
{Heap before GC invocations=77 (full 5):
 PSYoungGen      total 6144K, used 5472K [0x00000000eab00000, 0x00000000eb580000, 0x0000000100000000)
  eden space 5120K, 100% used [0x00000000eab00000,0x00000000eb000000,0x00000000eb000000)
  from space 1024K, 34% used [0x00000000eb400000,0x00000000eb458000,0x00000000eb500000)
  to   space 512K, 0% used [0x00000000eb500000,0x00000000eb500000,0x00000000eb580000)
 ParOldGen       total 100864K, used 97811K [0x00000000c0000000, 0x00000000c6280000, 0x00000000eab00000)
  object space 100864K, 96% used [0x00000000c0000000,0x00000000c5f84d40,0x00000000c6280000)
 Metaspace       used 61918K, committed 62912K, reserved 1105920K
  class space    used 6547K, committed 6976K, reserved 1048576K
}
Event: 12.028 GC heap after
{Heap after GC invocations=77 (full 5):
 PSYoungGen      total 6144K, used 0K [0x00000000eab00000, 0x00000000eb580000, 0x0000000100000000)
  eden space 5632K, 0% used [0x00000000eab00000,0x00000000eab00000,0x00000000eb080000)
  from space 512K, 0% used [0x00000000eb500000,0x00000000eb500000,0x00000000eb580000)
  to   space 512K, 0% used [0x00000000eb480000,0x00000000eb480000,0x00000000eb500000)
 ParOldGen       total 125952K, used 81090K [0x00000000c0000000, 0x00000000c7b00000, 0x00000000eab00000)
  object space 125952K, 64% used [0x00000000c0000000,0x00000000c4f30be8,0x00000000c7b00000)
 Metaspace       used 61918K, committed 62912K, reserved 1105920K
  class space    used 6547K, committed 6976K, reserved 1048576K
}

Dll operation events (13 events):
Event: 0.015 Loaded shared library c:\Users\32668\.vscode\extensions\redhat.java-1.14.0-win32-x64\jre\17.0.5-win32-x86_64\bin\java.dll
Event: 0.475 Loaded shared library c:\Users\32668\.vscode\extensions\redhat.java-1.14.0-win32-x64\jre\17.0.5-win32-x86_64\bin\zip.dll
Event: 0.491 Loaded shared library C:\Users\32668\.vscode\extensions\redhat.java-1.14.0-win32-x64\jre\17.0.5-win32-x86_64\bin\instrument.dll
Event: 0.511 Loaded shared library C:\Users\32668\.vscode\extensions\redhat.java-1.14.0-win32-x64\jre\17.0.5-win32-x86_64\bin\net.dll
Event: 0.515 Loaded shared library C:\Users\32668\.vscode\extensions\redhat.java-1.14.0-win32-x64\jre\17.0.5-win32-x86_64\bin\nio.dll
Event: 0.523 Loaded shared library C:\Users\32668\.vscode\extensions\redhat.java-1.14.0-win32-x64\jre\17.0.5-win32-x86_64\bin\zip.dll
Event: 0.540 Loaded shared library C:\Users\32668\.vscode\extensions\redhat.java-1.14.0-win32-x64\jre\17.0.5-win32-x86_64\bin\jimage.dll
Event: 0.594 Loaded shared library c:\Users\32668\.vscode\extensions\redhat.java-1.14.0-win32-x64\jre\17.0.5-win32-x86_64\bin\verify.dll
Event: 2.175 Loaded shared library C:\Users\32668\AppData\Roaming\Code\User\globalStorage\redhat.java\1.14.0\config_win\org.eclipse.equinox.launcher\org.eclipse.equinox.launcher.win32.win32.x86_64_1.2.700.v20221108-1024\eclipse_11801.dll
Event: 2.973 Loaded shared library C:\Users\32668\.vscode\extensions\redhat.java-1.14.0-win32-x64\jre\17.0.5-win32-x86_64\bin\management.dll
Event: 2.978 Loaded shared library C:\Users\32668\.vscode\extensions\redhat.java-1.14.0-win32-x64\jre\17.0.5-win32-x86_64\bin\management_ext.dll
Event: 4.258 Loaded shared library C:\Users\32668\AppData\Local\Temp\jna-48642745\jna11312046056499605681.dll
Event: 6.517 Loaded shared library C:\Users\32668\.vscode\extensions\redhat.java-1.14.0-win32-x64\jre\17.0.5-win32-x86_64\bin\sunmscapi.dll

Deoptimization events (20 events):
Event: 11.859 Thread 0x000001becd3c7a20 DEOPT PACKING pc=0x000001beb882e915 sp=0x0000005ae90fe960
Event: 11.859 Thread 0x000001becd3c7a20 DEOPT UNPACKING pc=0x000001beb7c92843 sp=0x0000005ae90fdd18 mode 0
Event: 11.869 Thread 0x000001becd3c7a20 DEOPT PACKING pc=0x000001beb882e915 sp=0x0000005ae90fea60
Event: 11.869 Thread 0x000001becd3c7a20 DEOPT UNPACKING pc=0x000001beb7c92843 sp=0x0000005ae90fde18 mode 0
Event: 11.877 Thread 0x000001becd3c7a20 DEOPT PACKING pc=0x000001beb882e915 sp=0x0000005ae90fe960
Event: 11.877 Thread 0x000001becd3c7a20 DEOPT UNPACKING pc=0x000001beb7c92843 sp=0x0000005ae90fdd18 mode 0
Event: 11.885 Thread 0x000001becd3c7a20 DEOPT PACKING pc=0x000001beb882e915 sp=0x0000005ae90fe930
Event: 11.885 Thread 0x000001becd3c7a20 DEOPT UNPACKING pc=0x000001beb7c92843 sp=0x0000005ae90fdce8 mode 0
Event: 11.889 Thread 0x000001becd3c7a20 DEOPT PACKING pc=0x000001beb856eb8b sp=0x0000005ae90fea20
Event: 11.889 Thread 0x000001becd3c7a20 DEOPT UNPACKING pc=0x000001beb7c92843 sp=0x0000005ae90fdf80 mode 0
Event: 11.891 Thread 0x000001becd3c7a20 DEOPT PACKING pc=0x000001beb882e915 sp=0x0000005ae90fe8f0
Event: 11.891 Thread 0x000001becd3c7a20 DEOPT UNPACKING pc=0x000001beb7c92843 sp=0x0000005ae90fdca8 mode 0
Event: 11.898 Thread 0x000001becd3c7a20 DEOPT PACKING pc=0x000001beb882e915 sp=0x0000005ae90fe960
Event: 11.898 Thread 0x000001becd3c7a20 DEOPT UNPACKING pc=0x000001beb7c92843 sp=0x0000005ae90fdd18 mode 0
Event: 11.958 Thread 0x000001becd3c7a20 DEOPT PACKING pc=0x000001beb882e915 sp=0x0000005ae90fea60
Event: 11.958 Thread 0x000001becd3c7a20 DEOPT UNPACKING pc=0x000001beb7c92843 sp=0x0000005ae90fde18 mode 0
Event: 11.961 Thread 0x000001becd3c7a20 DEOPT PACKING pc=0x000001beb856eb8b sp=0x0000005ae90fea20
Event: 11.961 Thread 0x000001becd3c7a20 DEOPT UNPACKING pc=0x000001beb7c92843 sp=0x0000005ae90fdf80 mode 0
Event: 11.966 Thread 0x000001becd3c7a20 DEOPT PACKING pc=0x000001beb882e915 sp=0x0000005ae90fe960
Event: 11.966 Thread 0x000001becd3c7a20 DEOPT UNPACKING pc=0x000001beb7c92843 sp=0x0000005ae90fdd18 mode 0

Classes unloaded (7 events):
Event: 3.169 Thread 0x000001becb010dc0 Unloading class 0x0000000100216400 'java/lang/invoke/LambdaForm$MH+0x0000000100216400'
Event: 3.169 Thread 0x000001becb010dc0 Unloading class 0x0000000100216000 'java/lang/invoke/LambdaForm$MH+0x0000000100216000'
Event: 3.169 Thread 0x000001becb010dc0 Unloading class 0x0000000100215c00 'java/lang/invoke/LambdaForm$MH+0x0000000100215c00'
Event: 3.169 Thread 0x000001becb010dc0 Unloading class 0x0000000100215800 'java/lang/invoke/LambdaForm$MH+0x0000000100215800'
Event: 3.169 Thread 0x000001becb010dc0 Unloading class 0x0000000100215000 'java/lang/invoke/LambdaForm$BMH+0x0000000100215000'
Event: 3.169 Thread 0x000001becb010dc0 Unloading class 0x0000000100214c00 'java/lang/invoke/LambdaForm$DMH+0x0000000100214c00'
Event: 3.169 Thread 0x000001becb010dc0 Unloading class 0x0000000100212000 'java/lang/invoke/LambdaForm$DMH+0x0000000100212000'

Classes redefined (0 events):
No events

Internal exceptions (20 events):
Event: 11.471 Thread 0x000001becffdda00 Exception <a 'java/lang/NullPointerException'{0x00000000eae3dac0}> (0x00000000eae3dac0) 
thrown [s\src\hotspot\share\interpreter\linkResolver.cpp, line 1350]
Event: 11.556 Thread 0x000001becffe2700 Exception <a 'java/lang/ClassNotFoundException'{0x00000000eaf7edc0}: sun/util/logging/resources/spi/loggingProvider> (0x00000000eaf7edc0) 
thrown [s\src\hotspot\share\classfile\systemDictionary.cpp, line 256]
Event: 11.613 Thread 0x000001becffe0a20 Exception <a 'java/lang/NoSuchMethodError'{0x00000000eabfc730}: 'java.lang.Object java.lang.invoke.DirectMethodHandle$Holder.invokeStatic(java.lang.Object, int, java.lang.Object, java.lang.Object, java.lang.Object, java.lang.Object)'> (0x00000000eabfc730) 
thrown [s\src\hotspot\share\interpreter\linkResolver.cpp, line 759]
Event: 11.614 Thread 0x000001becd3c8d60 Exception <a 'sun/nio/fs/WindowsException'{0x00000000eac10f08}> (0x00000000eac10f08) 
thrown [s\src\hotspot\share\prims\jni.cpp, line 516]
Event: 11.716 Thread 0x000001becd416c50 Exception <a 'java/lang/NullPointerException'{0x00000000ead62c78}> (0x00000000ead62c78) 
thrown [s\src\hotspot\share\interpreter\linkResolver.cpp, line 1350]
Event: 11.717 Thread 0x000001becd416c50 Exception <a 'java/lang/NullPointerException'{0x00000000ead631c8}> (0x00000000ead631c8) 
thrown [s\src\hotspot\share\interpreter\linkResolver.cpp, line 1350]
Event: 11.717 Thread 0x000001becd416c50 Exception <a 'java/lang/NullPointerException'{0x00000000ead63698}> (0x00000000ead63698) 
thrown [s\src\hotspot\share\interpreter\linkResolver.cpp, line 1350]
Event: 11.717 Thread 0x000001becd416c50 Exception <a 'java/lang/NullPointerException'{0x00000000ead64c98}> (0x00000000ead64c98) 
thrown [s\src\hotspot\share\interpreter\linkResolver.cpp, line 1350]
Event: 11.717 Thread 0x000001becd416c50 Exception <a 'java/lang/NullPointerException'{0x00000000ead65230}> (0x00000000ead65230) 
thrown [s\src\hotspot\share\interpreter\linkResolver.cpp, line 1350]
Event: 11.831 Thread 0x000001becffe2700 Exception <a 'java/lang/NoSuchMethodError'{0x00000000eacad780}: 'int java.lang.invoke.DirectMethodHandle$Holder.invokeSpecialIFC(java.lang.Object, java.lang.Object, java.lang.Object, java.lang.Object)'> (0x00000000eacad780) 
thrown [s\src\hotspot\share\interpreter\linkResolver.cpp, line 759]
Event: 11.853 Thread 0x000001becd416c50 Exception <a 'java/lang/NullPointerException'{0x00000000eaea6ac8}> (0x00000000eaea6ac8) 
thrown [s\src\hotspot\share\interpreter\linkResolver.cpp, line 1350]
Event: 11.853 Thread 0x000001becd416c50 Exception <a 'java/lang/NullPointerException'{0x00000000eaea6ff8}> (0x00000000eaea6ff8) 
thrown [s\src\hotspot\share\interpreter\linkResolver.cpp, line 1350]
Event: 11.853 Thread 0x000001becd416c50 Exception <a 'java/lang/NullPointerException'{0x00000000eaea74c8}> (0x00000000eaea74c8) 
thrown [s\src\hotspot\share\interpreter\linkResolver.cpp, line 1350]
Event: 11.854 Thread 0x000001becd416c50 Exception <a 'java/lang/NullPointerException'{0x00000000eaea8ab0}> (0x00000000eaea8ab0) 
thrown [s\src\hotspot\share\interpreter\linkResolver.cpp, line 1350]
Event: 11.854 Thread 0x000001becd416c50 Exception <a 'java/lang/NullPointerException'{0x00000000eaea9048}> (0x00000000eaea9048) 
thrown [s\src\hotspot\share\interpreter\linkResolver.cpp, line 1350]
Event: 11.872 Thread 0x000001becd416c50 Exception <a 'java/lang/NullPointerException'{0x00000000eac52a60}> (0x00000000eac52a60) 
thrown [s\src\hotspot\share\interpreter\linkResolver.cpp, line 1350]
Event: 11.872 Thread 0x000001becd416c50 Exception <a 'java/lang/NullPointerException'{0x00000000eac52f90}> (0x00000000eac52f90) 
thrown [s\src\hotspot\share\interpreter\linkResolver.cpp, line 1350]
Event: 11.872 Thread 0x000001becd416c50 Exception <a 'java/lang/NullPointerException'{0x00000000eac53460}> (0x00000000eac53460) 
thrown [s\src\hotspot\share\interpreter\linkResolver.cpp, line 1350]
Event: 11.872 Thread 0x000001becd416c50 Exception <a 'java/lang/NullPointerException'{0x00000000eac54a48}> (0x00000000eac54a48) 
thrown [s\src\hotspot\share\interpreter\linkResolver.cpp, line 1350]
Event: 11.872 Thread 0x000001becd416c50 Exception <a 'java/lang/NullPointerException'{0x00000000eac54fe0}> (0x00000000eac54fe0) 
thrown [s\src\hotspot\share\interpreter\linkResolver.cpp, line 1350]

VM Operations (20 events):
Event: 11.725 Executing VM operation: ParallelGCFailedAllocation
Event: 11.726 Executing VM operation: ParallelGCFailedAllocation done
Event: 11.746 Executing VM operation: ParallelGCFailedAllocation
Event: 11.748 Executing VM operation: ParallelGCFailedAllocation done
Event: 11.766 Executing VM operation: ParallelGCFailedAllocation
Event: 11.810 Executing VM operation: ParallelGCFailedAllocation done
Event: 11.824 Executing VM operation: ParallelGCFailedAllocation
Event: 11.826 Executing VM operation: ParallelGCFailedAllocation done
Event: 11.834 Executing VM operation: ParallelGCFailedAllocation
Event: 11.835 Executing VM operation: ParallelGCFailedAllocation done
Event: 11.859 Executing VM operation: ParallelGCFailedAllocation
Event: 11.861 Executing VM operation: ParallelGCFailedAllocation done
Event: 11.892 Executing VM operation: ParallelGCFailedAllocation
Event: 11.893 Executing VM operation: ParallelGCFailedAllocation done
Event: 11.902 Executing VM operation: ParallelGCFailedAllocation
Event: 11.904 Executing VM operation: ParallelGCFailedAllocation done
Event: 11.968 Executing VM operation: ParallelGCFailedAllocation
Event: 11.968 Executing VM operation: ParallelGCFailedAllocation done
Event: 11.968 Executing VM operation: ParallelGCSystemGC
Event: 12.028 Executing VM operation: ParallelGCSystemGC done

Events (20 events):
Event: 11.816 loading class jdk/internal/event/SecurityPropertyModificationEvent done
Event: 11.820 Thread 0x000001becffe0550 Thread added: 0x000001becffe0550
Event: 11.830 loading class javax/crypto/spec/IvParameterSpec
Event: 11.830 loading class javax/crypto/spec/IvParameterSpec done
Event: 11.830 loading class javax/crypto/spec/SecretKeySpec
Event: 11.831 loading class javax/crypto/spec/SecretKeySpec done
Event: 11.831 loading class javax/crypto/spec/SecretKeySpec$1
Event: 11.831 loading class jdk/internal/access/JavaxCryptoSpecAccess
Event: 11.831 loading class jdk/internal/access/JavaxCryptoSpecAccess done
Event: 11.831 loading class javax/crypto/spec/SecretKeySpec$1 done
Event: 11.832 loading class sun/security/jca/JCAUtil
Event: 11.832 loading class sun/security/jca/JCAUtil done
Event: 11.832 loading class javax/crypto/NullCipher
Event: 11.832 loading class javax/crypto/NullCipher done
Event: 11.833 loading class sun/security/util/ArrayUtil
Event: 11.833 loading class sun/security/util/ArrayUtil done
Event: 11.898 loading class java/util/zip/CheckedInputStream
Event: 11.898 loading class java/util/zip/CheckedInputStream done
Event: 12.033 loading class java/util/zip/GZIPInputStream$1
Event: 12.033 loading class java/util/zip/GZIPInputStream$1 done


Dynamic libraries:
0x00007ff7b6f50000 - 0x00007ff7b6f5e000 	c:\Users\32668\.vscode\extensions\redhat.java-1.14.0-win32-x64\jre\17.0.5-win32-x86_64\bin\java.exe
0x00007ffec4010000 - 0x00007ffec4208000 	C:\WINDOWS\SYSTEM32\ntdll.dll
0x00007ffec2730000 - 0x00007ffec27ef000 	C:\WINDOWS\System32\KERNEL32.DLL
0x00007ffec18b0000 - 0x00007ffec1b82000 	C:\WINDOWS\System32\KERNELBASE.dll
0x00007ffec1780000 - 0x00007ffec1880000 	C:\WINDOWS\System32\ucrtbase.dll
0x00007ffeaf9f0000 - 0x00007ffeafa09000 	c:\Users\32668\.vscode\extensions\redhat.java-1.14.0-win32-x64\jre\17.0.5-win32-x86_64\bin\VCRUNTIME140.dll
0x00007ffeaf620000 - 0x00007ffeaf637000 	c:\Users\32668\.vscode\extensions\redhat.java-1.14.0-win32-x64\jre\17.0.5-win32-x86_64\bin\jli.dll
0x00007ffec3530000 - 0x00007ffec36d1000 	C:\WINDOWS\System32\USER32.dll
0x00007ffec1880000 - 0x00007ffec18a2000 	C:\WINDOWS\System32\win32u.dll
0x00007ffec23d0000 - 0x00007ffec23fb000 	C:\WINDOWS\System32\GDI32.dll
0x00007ffec1ea0000 - 0x00007ffec1faf000 	C:\WINDOWS\System32\gdi32full.dll
0x00007ffeaad80000 - 0x00007ffeab01a000 	C:\WINDOWS\WinSxS\amd64_microsoft.windows.common-controls_6595b64144ccf1df_6.0.19041.1110_none_60b5254171f9507e\COMCTL32.dll
0x00007ffec1fb0000 - 0x00007ffec204d000 	C:\WINDOWS\System32\msvcp_win.dll
0x00007ffec2210000 - 0x00007ffec22ae000 	C:\WINDOWS\System32\msvcrt.dll
0x00007ffec3b50000 - 0x00007ffec3b82000 	C:\WINDOWS\System32\IMM32.DLL
0x00007ffeb08c0000 - 0x00007ffeb08cc000 	c:\Users\32668\.vscode\extensions\redhat.java-1.14.0-win32-x64\jre\17.0.5-win32-x86_64\bin\vcruntime140_1.dll
0x00007ffe88740000 - 0x00007ffe887d1000 	c:\Users\32668\.vscode\extensions\redhat.java-1.14.0-win32-x64\jre\17.0.5-win32-x86_64\bin\msvcp140.dll
0x00007ffe455f0000 - 0x00007ffe46234000 	c:\Users\32668\.vscode\extensions\redhat.java-1.14.0-win32-x64\jre\17.0.5-win32-x86_64\bin\server\jvm.dll
0x00007ffec3b90000 - 0x00007ffec3c3e000 	C:\WINDOWS\System32\ADVAPI32.dll
0x00007ffec3d70000 - 0x00007ffec3e0c000 	C:\WINDOWS\System32\sechost.dll
0x00007ffec3e10000 - 0x00007ffec3f35000 	C:\WINDOWS\System32\RPCRT4.dll
0x00007ffebb600000 - 0x00007ffebb60a000 	C:\WINDOWS\SYSTEM32\VERSION.dll
0x00007ffea7ca0000 - 0x00007ffea7cc7000 	C:\WINDOWS\SYSTEM32\WINMM.dll
0x00007ffebee60000 - 0x00007ffebee69000 	C:\WINDOWS\SYSTEM32\WSOCK32.dll
0x00007ffec3410000 - 0x00007ffec347b000 	C:\WINDOWS\System32\WS2_32.dll
0x00007ffebf5a0000 - 0x00007ffebf5b2000 	C:\WINDOWS\SYSTEM32\kernel.appcore.dll
0x00007ffeb02a0000 - 0x00007ffeb02aa000 	c:\Users\32668\.vscode\extensions\redhat.java-1.14.0-win32-x64\jre\17.0.5-win32-x86_64\bin\jimage.dll
0x00007ffeb4eb0000 - 0x00007ffeb5094000 	C:\WINDOWS\SYSTEM32\DBGHELP.DLL
0x00007ffeab300000 - 0x00007ffeab335000 	C:\WINDOWS\SYSTEM32\dbgcore.DLL
0x00007ffec1e10000 - 0x00007ffec1e92000 	C:\WINDOWS\System32\bcryptPrimitives.dll
0x00007ffeaea90000 - 0x00007ffeaea9e000 	c:\Users\32668\.vscode\extensions\redhat.java-1.14.0-win32-x64\jre\17.0.5-win32-x86_64\bin\instrument.dll
0x00007ffea8380000 - 0x00007ffea83a5000 	c:\Users\32668\.vscode\extensions\redhat.java-1.14.0-win32-x64\jre\17.0.5-win32-x86_64\bin\java.dll
0x00007ffeabbc0000 - 0x00007ffeabbd8000 	c:\Users\32668\.vscode\extensions\redhat.java-1.14.0-win32-x64\jre\17.0.5-win32-x86_64\bin\zip.dll
0x00007ffec27f0000 - 0x00007ffec2f34000 	C:\WINDOWS\System32\SHELL32.dll
0x00007ffebf7c0000 - 0x00007ffebff52000 	C:\WINDOWS\SYSTEM32\windows.storage.dll
0x00007ffec2f40000 - 0x00007ffec3295000 	C:\WINDOWS\System32\combase.dll
0x00007ffec1160000 - 0x00007ffec1190000 	C:\WINDOWS\SYSTEM32\Wldp.dll
0x00007ffec3480000 - 0x00007ffec352d000 	C:\WINDOWS\System32\SHCORE.dll
0x00007ffec32b0000 - 0x00007ffec3305000 	C:\WINDOWS\System32\shlwapi.dll
0x00007ffec1640000 - 0x00007ffec165f000 	C:\WINDOWS\SYSTEM32\profapi.dll
0x00007ffea8f40000 - 0x00007ffea8f59000 	C:\Users\32668\.vscode\extensions\redhat.java-1.14.0-win32-x64\jre\17.0.5-win32-x86_64\bin\net.dll
0x00007ffebca00000 - 0x00007ffebcb0c000 	C:\WINDOWS\SYSTEM32\WINHTTP.dll
0x00007ffec0ec0000 - 0x00007ffec0f2a000 	C:\WINDOWS\system32\mswsock.dll
0x00007ffea7850000 - 0x00007ffea7865000 	C:\Users\32668\.vscode\extensions\redhat.java-1.14.0-win32-x64\jre\17.0.5-win32-x86_64\bin\nio.dll
0x00007ffeaea80000 - 0x00007ffeaea90000 	c:\Users\32668\.vscode\extensions\redhat.java-1.14.0-win32-x64\jre\17.0.5-win32-x86_64\bin\verify.dll
0x00007ffe886c0000 - 0x00007ffe886fe000 	C:\Users\32668\AppData\Roaming\Code\User\globalStorage\redhat.java\1.14.0\config_win\org.eclipse.equinox.launcher\org.eclipse.equinox.launcher.win32.win32.x86_64_1.2.700.v20221108-1024\eclipse_11801.dll
0x00007ffec3c40000 - 0x00007ffec3d6a000 	C:\WINDOWS\System32\ole32.dll
0x00007ffeae210000 - 0x00007ffeae219000 	C:\Users\32668\.vscode\extensions\redhat.java-1.14.0-win32-x64\jre\17.0.5-win32-x86_64\bin\management.dll
0x00007ffeab990000 - 0x00007ffeab99b000 	C:\Users\32668\.vscode\extensions\redhat.java-1.14.0-win32-x64\jre\17.0.5-win32-x86_64\bin\management_ext.dll
0x00007ffec2050000 - 0x00007ffec2058000 	C:\WINDOWS\System32\PSAPI.DLL
0x00007ffec10b0000 - 0x00007ffec10c8000 	C:\WINDOWS\SYSTEM32\CRYPTSP.dll
0x00007ffec0770000 - 0x00007ffec07a4000 	C:\WINDOWS\system32\rsaenh.dll
0x00007ffec1700000 - 0x00007ffec1727000 	C:\WINDOWS\System32\bcrypt.dll
0x00007ffec1600000 - 0x00007ffec162e000 	C:\WINDOWS\SYSTEM32\USERENV.dll
0x00007ffec10d0000 - 0x00007ffec10dc000 	C:\WINDOWS\SYSTEM32\CRYPTBASE.dll
0x00007ffec0b60000 - 0x00007ffec0b9b000 	C:\WINDOWS\SYSTEM32\IPHLPAPI.DLL
0x00007ffec22b0000 - 0x00007ffec22b8000 	C:\WINDOWS\System32\NSI.dll
0x00007ffebb280000 - 0x00007ffebb297000 	C:\WINDOWS\SYSTEM32\dhcpcsvc6.DLL
0x00007ffebb200000 - 0x00007ffebb21d000 	C:\WINDOWS\SYSTEM32\dhcpcsvc.DLL
0x00007ffec0ba0000 - 0x00007ffec0c6a000 	C:\WINDOWS\SYSTEM32\DNSAPI.dll
0x00007ffe88680000 - 0x00007ffe886c0000 	C:\Users\32668\AppData\Local\Temp\jna-48642745\jna11312046056499605681.dll
0x00007ffea9eb0000 - 0x00007ffea9ebe000 	C:\Users\32668\.vscode\extensions\redhat.java-1.14.0-win32-x64\jre\17.0.5-win32-x86_64\bin\sunmscapi.dll
0x00007ffec1c00000 - 0x00007ffec1d56000 	C:\WINDOWS\System32\CRYPT32.dll
0x00007ffec11d0000 - 0x00007ffec11f7000 	C:\WINDOWS\SYSTEM32\ncrypt.dll
0x00007ffec1190000 - 0x00007ffec11cb000 	C:\WINDOWS\SYSTEM32\NTASN1.dll
0x00007ffeb9fe0000 - 0x00007ffeb9fea000 	C:\Windows\System32\rasadhlp.dll
0x00007ffeb9a10000 - 0x00007ffeb9a90000 	C:\WINDOWS\System32\fwpuclnt.dll

dbghelp: loaded successfully - version: 4.0.5 - missing functions: none
symbol engine: initialized successfully - sym options: 0x614 - pdb path: .;c:\Users\32668\.vscode\extensions\redhat.java-1.14.0-win32-x64\jre\17.0.5-win32-x86_64\bin;C:\WINDOWS\SYSTEM32;C:\WINDOWS\WinSxS\amd64_microsoft.windows.common-controls_6595b64144ccf1df_6.0.19041.1110_none_60b5254171f9507e;c:\Users\32668\.vscode\extensions\redhat.java-1.14.0-win32-x64\jre\17.0.5-win32-x86_64\bin\server;C:\Users\32668\AppData\Roaming\Code\User\globalStorage\redhat.java\1.14.0\config_win\org.eclipse.equinox.launcher\org.eclipse.equinox.launcher.win32.win32.x86_64_1.2.700.v20221108-1024;C:\Users\32668\AppData\Local\Temp\jna-48642745

VM Arguments:
jvm_args: --add-modules=ALL-SYSTEM --add-opens=java.base/java.util=ALL-UNNAMED --add-opens=java.base/java.lang=ALL-UNNAMED --add-opens=java.base/sun.nio.fs=ALL-UNNAMED -Declipse.application=org.eclipse.jdt.ls.core.id1 -Dosgi.bundles.defaultStartLevel=4 -Declipse.product=org.eclipse.jdt.ls.core.product -Djava.import.generatesMetadataFilesAtProjectRoot=false -Dfile.encoding=utf8 -XX:+UseParallelGC -XX:GCTimeRatio=4 -XX:AdaptiveSizePolicyWeight=90 -Dsun.zip.disableMemoryMapping=true -Xmx1G -Xms100m -Xlog:disable -javaagent:c:\Users\32668\.vscode\extensions\redhat.java-1.14.0-win32-x64\lombok\lombok-1.18.24.jar -XX:+HeapDumpOnOutOfMemoryError -XX:HeapDumpPath=c:\Users\32668\AppData\Roaming\Code\User\workspaceStorage\2e9b216afb94c0d00f16191ac0b668b5\redhat.java 
java_command: c:\Users\32668\.vscode\extensions\redhat.java-1.14.0-win32-x64\server\plugins\org.eclipse.equinox.launcher_1.6.400.v20210924-0641.jar -configuration c:\Users\32668\AppData\Roaming\Code\User\globalStorage\redhat.java\1.14.0\config_win -data c:\Users\32668\AppData\Roaming\Code\User\workspaceStorage\2e9b216afb94c0d00f16191ac0b668b5\redhat.java\jdt_ws
java_class_path (initial): c:\Users\32668\.vscode\extensions\redhat.java-1.14.0-win32-x64\server\plugins\org.eclipse.equinox.launcher_1.6.400.v20210924-0641.jar
Launcher Type: SUN_STANDARD

[Global flags]
    uintx AdaptiveSizePolicyWeight                 = 90                                        {product} {command line}
     intx CICompilerCount                          = 4                                         {product} {ergonomic}
    uintx GCTimeRatio                              = 4                                         {product} {command line}
     bool HeapDumpOnOutOfMemoryError               = true                                   {manageable} {command line}
    ccstr HeapDumpPath                             = c:\Users\32668\AppData\Roaming\Code\User\workspaceStorage\2e9b216afb94c0d00f16191ac0b668b5\redhat.java         {manageable} {command line}
   size_t InitialHeapSize                          = 104857600                                 {product} {command line}
   size_t MaxHeapSize                              = 1073741824                                {product} {command line}
   size_t MaxNewSize                               = 357564416                                 {product} {ergonomic}
   size_t MinHeapDeltaBytes                        = 524288                                    {product} {ergonomic}
   size_t MinHeapSize                              = 104857600                                 {product} {command line}
   size_t NewSize                                  = 34603008                                  {product} {ergonomic}
    uintx NonNMethodCodeHeapSize                   = 5839372                                {pd product} {ergonomic}
    uintx NonProfiledCodeHeapSize                  = 122909434                              {pd product} {ergonomic}
   size_t OldSize                                  = 70254592                                  {product} {ergonomic}
    uintx ProfiledCodeHeapSize                     = 122909434                              {pd product} {ergonomic}
    uintx ReservedCodeCacheSize                    = 251658240                              {pd product} {ergonomic}
     bool SegmentedCodeCache                       = true                                      {product} {ergonomic}
   size_t SoftMaxHeapSize                          = 1073741824                             {manageable} {ergonomic}
     bool UseCompressedClassPointers               = true                           {product lp64_product} {ergonomic}
     bool UseCompressedOops                        = true                           {product lp64_product} {ergonomic}
     bool UseLargePagesIndividualAllocation        = false                                  {pd product} {ergonomic}
     bool UseParallelGC                            = true                                      {product} {command line}

Logging:
Log output configuration:
 #0: stdout all=off uptime,level,tags
 #1: stderr all=off uptime,level,tags

Environment Variables:
JAVA_HOME=C:\Program Files\Java\jdk1.8.0_181
PATH=C:\Windows\system32;D:\tomcat\apache-tomcat-9.0.54-windows-x64\apache-tomcat-9.0.54\bin;C:\Program Files\Java\jdk1.8.0_181\bin;C:\Program Files\Java\jdk1.8.0_181\jre\bin;C:\Program Files (x86)\Common Files\Oracle\Java\javapath;C:\Program Files\Common Files\Oracle\Java\javapath;C:\Windows;C:\Windows\System32\Wbem;C:\Windows\System32\WindowsPowerShell\v1.0\;C:\Windows\System32\OpenSSH\;C:\Program Files (x86)\NVIDIA Corporation\PhysX\Common;C:\Program Files\NVIDIA Corporation\NVIDIA NvDLISR;C:\WINDOWS\system32;C:\WINDOWS;C:\WINDOWS\System32\Wbem;C:\WINDOWS\System32\WindowsPowerShell\v1.0\;C:\WINDOWS\System32\OpenSSH\;C:\Program Files\MATLAB\R2016b\runtime\win64;C:\Program Files\MATLAB\R2016b\bin;C:\Program Files\MATLAB\R2016b\polyspace\bin;D:\Program Files (x86)\mysql-8.0.23-winx64\bin;D:\tomcat\apache-tomcat-10.0.11\lib\servlet-api.jar;D:\tomcat\apache-tomcat-10.0.11\bin;C:\Program Files\Git\cmd;D:\Program Files\nodejs\;C:\Users\32668\Desktop\shangGG\\maven\apache-maven-3.8.1\bin;C:\Program Files\Bandizip\;C:\Users\32668\AppData\Local\Microsoft\WindowsApps;;D:\\ssh;C:\Users\32668\AppData\Local\Programs\Microsoft VS Code\bin;C:\Users\32668\AppData\Roaming\npm
USERNAME=32668
OS=Windows_NT
PROCESSOR_IDENTIFIER=Intel64 Family 6 Model 142 Stepping 12, GenuineIntel
TMP=C:\Users\32668\AppData\Local\Temp
TEMP=C:\Users\32668\AppData\Local\Temp



---------------  S Y S T E M  ---------------

OS:
 Windows 10 , 64 bit Build 19041 (10.0.19041.2364)
OS uptime: 26 days 19:52 hours

CPU: total 8 (initial active 8) (4 cores per cpu, 2 threads per core) family 6 model 142 stepping 12 microcode 0xc0, cx8, cmov, fxsr, ht, mmx, 3dnowpref, sse, sse2, sse3, ssse3, sse4.1, sse4.2, popcnt, lzcnt, tsc, tscinvbit, avx, avx2, aes, erms, clmul, bmi1, bmi2, adx, fma, vzeroupper, clflush, clflushopt

Memory: 4k page, system-wide physical 8022M (343M free)
TotalPageFile size 26772M (AvailPageFile size 243M)
current process WorkingSet (physical memory assigned to process): 295M, peak: 295M
current process commit charge ("private bytes"): 350M, peak: 351M

vm_info: OpenJDK 64-Bit Server VM (17.0.5+8) for windows-amd64 JRE (17.0.5+8), built on Oct 19 2022 04:48:13 by "temurin" with MS VC++ 16.7 (VS2019)

END.
